make all --print-data-base --no-builtin-variables --no-builtin-rules --question
# GNU Make 3.81
# Copyright (C) 2006  Free Software Foundation, Inc.
# This is free software; see the source for copying conditions.
# There is NO warranty; not even for MERCHANTABILITY or FITNESS FOR A
# PARTICULAR PURPOSE.

# This program built for i386-apple-darwin11.3.0
 

# Make data base, printed on Sat Oct  8 06:49:10 2022

# Variables

# automatic
<D = $(patsubst %/,%,$(dir $<))
# automatic
?F = $(notdir $?)
# makefile (from `Makefile', line 44)
OBJ = $(SRC:.c=.o)
# makefile (from `Makefile', line 15)
SRC = main.c parsing/getMap.c parsing/getMap_utils.c parsing/checkMap.c parsing/checkMapMap.c parsing/checkPathsRgbs.c parsing/splitRgb.c utils/initializer.c utils/utils.c utils/utils2.c utils/utils3.c utils/utils4.c utils/ft_split.c utils/split_utils.c utils/gnl/get_next_line.c utils/gnl/get_next_line_utils.c window/starter.c window/create_window.c movement/keymovement.c movement/movement_fun.c creation/put_elements.c creation/rgb.c raycasting/checker.c raycasting/raycasting_helper.c raycasting/raycasting.c minimap/design_map.c minimap/minimap_helper.c minimap/minimap_helper_2.c 
# automatic
?D = $(patsubst %/,%,$(dir $?))
# automatic
@D = $(patsubst %/,%,$(dir $@))
# automatic
@F = $(notdir $@)
# makefile
CURDIR := /Users/mbadaoui/Desktop/cursus/cub3d
# makefile
SHELL = /bin/sh
# environment
VSCODE_NLS_CONFIG = {"locale":"en-us","availableLanguages":{},"_languagePackSupport":true}
# environment
_ = /usr/bin/make
# makefile (from `Makefile', line 1)
MAKEFILE_LIST :=  Makefile
# environment
VSCODE_CWD = /Users/mbadaoui/Desktop/cursus/cub3d
# environment
Apple_PubSub_Socket_Render = /private/tmp/com.apple.launchd.oDtBndCQUX/Render
# environment
PATH = /usr/local/bin:/usr/bin:/bin:/usr/sbin:/sbin:/usr/local/munki
# environment
LSCOLORS = Gxfxcxdxbxegedabagacad
# environment
ELECTRON_RUN_AS_NODE = 1
# default
.FEATURES := target-specific order-only second-expansion else-if archives jobserver check-symlink
# environment
SSH_AUTH_SOCK = /private/tmp/com.apple.launchd.hha97OwhSn/Listeners
# automatic
%F = $(notdir $%)
# environment
PWD = /Users/mbadaoui/Desktop/cursus/cub3d
# environment
ORIGINAL_XDG_CURRENT_DESKTOP = undefined
# environment
VSCODE_AMD_ENTRYPOINT = vs/workbench/api/node/extensionHostProcess
# environment
HOME = /Users/mbadaoui
# default
MAKEFILEPATH := /Applications/Xcode.app/Contents/Developer/Makefiles
# environment
VSCODE_CODE_CACHE_PATH = /Users/mbadaoui/Library/Application Support/Code/CachedData/74b1f979648cc44d385a2286793c226e611f59e7
# environment
LOGNAME = mbadaoui
# environment
APPLICATION_INSIGHTS_NO_DIAGNOSTIC_CHANNEL = 1
# environment
ZSH = /Users/mbadaoui/.oh-my-zsh
# environment
VSCODE_HANDLES_UNCAUGHT_ERRORS = true
# automatic
^D = $(patsubst %/,%,$(dir $^))
# environment
XPC_FLAGS = 0x0
# environment
COLORTERM = truecolor
# default
MAKE = $(MAKE_COMMAND)
# environment
LC_TERMINAL = iTerm2
# environment
SHLVL = 2
# default
MAKE_VERSION := 3.81
# environment
USER = mbadaoui
# makefile
.DEFAULT_GOAL := all
# default
MAKECMDGOALS := all
# environment
TERM_SESSION_ID = w0t0p0:BEA4DF3A-B18E-41C2-B32D-45D969418AC4
# makefile (from `Makefile', line 13)
NAME = cub3D
# environment
LESS = -R
# automatic
%D = $(patsubst %/,%,$(dir $%))
# default
MAKE_COMMAND := /Applications/Xcode.app/Contents/Developer/usr/bin/make
# environment
TERM_PROGRAM = iTerm.app
# default
.VARIABLES := 
# environment
TMPDIR = /var/folders/zz/zyxvpxvq6csfxvn_n0000h3000040r/T/
# automatic
*F = $(notdir $*)
# environment
VSCODE_IPC_HOOK = /Users/mbadaoui/Library/Application Support/Code/1.71.2-main.sock
# environment
MallocNanoZone = 0
# makefile
MAKEFLAGS = Rrqp
# environment
MFLAGS = -Rrqp
# automatic
*D = $(patsubst %/,%,$(dir $*))
# environment
TERM_PROGRAM_VERSION = 3.4.16
# environment
XPC_SERVICE_NAME = com.microsoft.VSCode.5288.3856A005-5F65-4EA5-8384-1A5D50E5A2E5
# environment
LC_TERMINAL_VERSION = 3.4.16
# automatic
+D = $(patsubst %/,%,$(dir $+))
# automatic
+F = $(notdir $+)
# environment
ITERM_SESSION_ID = w0t0p0:BEA4DF3A-B18E-41C2-B32D-45D969418AC4
# environment
COLORFGBG = 7;0
# environment
__CF_USER_TEXT_ENCODING = 0x1018:0x0:0x0
# environment
COMMAND_MODE = unix2003
# default
MAKEFILES := 
# automatic
<F = $(notdir $<)
# environment
ITERM_PROFILE = Default
# environment
PAGER = less
# environment
LC_ALL = C
# environment
SECURITYSESSIONID = 186a6
# automatic
^F = $(notdir $^)
# default
SUFFIXES := 
# makefile (from `Makefile', line 46)
FLAGS = -Wall -Wextra -Werror -Imlx 
# default
.INCLUDE_DIRS = /usr/local/include
# environment
MAKELEVEL := 0
# environment
LANG = C
# environment
TERM = xterm-256color
# environment
VSCODE_PID = 7354
# variable set hash-table stats:
# Load=77/1024=8%, Rehash=0, Collisions=6/108=6%

# Pattern-specific Variable Values

# No pattern-specific variable values.

# Directories

# . (device 16777227, inode 2829070): 22 files, no impossibilities.

# 22 files, no impossibilities in 1 directories.

# Implicit Rules

%.o: %.c
#  commands to execute (from `Makefile', line 54):
	cc $(FLAGS) -c $< -o $@
	

# 1 implicit rules, 0 (0.0%) terminal.

# Files

# Not a target:
parsing/splitRgb.o:
#  Implicit rule search has not been done.
#  Modification time never checked.
#  File has not been updated.

# Not a target:
minimap/minimap_helper_2.o:
#  Implicit rule search has not been done.
#  Modification time never checked.
#  File has not been updated.

all: cub3D
#  Phony target (prerequisite of .PHONY).
#  Command-line target.
#  Implicit rule search has not been done.
#  File does not exist.
#  File has been updated.
#  Needs to be updated (-q is set).
# variable set hash-table stats:
# Load=0/32=0%, Rehash=0, Collisions=0/3=0%

.PHONY: all clean fclean re
#  Implicit rule search has not been done.
#  Modification time never checked.
#  File has not been updated.

# Not a target:
raycasting/checker.o:
#  Implicit rule search has not been done.
#  Modification time never checked.
#  File has not been updated.

cub3D: main.o parsing/getMap.o parsing/getMap_utils.o parsing/checkMap.o parsing/checkMapMap.o parsing/checkPathsRgbs.o parsing/splitRgb.o utils/initializer.o utils/utils.o utils/utils2.o utils/utils3.o utils/utils4.o utils/ft_split.o utils/split_utils.o utils/gnl/get_next_line.o utils/gnl/get_next_line_utils.o window/starter.o window/create_window.o movement/keymovement.o movement/movement_fun.o creation/put_elements.o creation/rgb.o raycasting/checker.o raycasting/raycasting_helper.o raycasting/raycasting.o minimap/design_map.o minimap/minimap_helper.o minimap/minimap_helper_2.o
#  Implicit rule search has not been done.
#  File does not exist.
#  File has been updated.
#  Needs to be updated (-q is set).
# variable set hash-table stats:
# Load=0/32=0%, Rehash=0, Collisions=0/3=0%
#  commands to execute (from `Makefile', line 51):
	cc $(FLAGS) $(OBJ) -lmlx -framework OpenGL -framework AppKit -o $(NAME)
	

# Not a target:
parsing/checkMap.o:
#  Implicit rule search has not been done.
#  Modification time never checked.
#  File has not been updated.

# Not a target:
.SUFFIXES:
#  Implicit rule search has not been done.
#  Modification time never checked.
#  File has not been updated.

# Not a target:
raycasting/raycasting.o:
#  Implicit rule search has not been done.
#  Modification time never checked.
#  File has not been updated.

# Not a target:
Makefile:
#  Implicit rule search has been done.
#  Last modified 2022-10-08 06:48:40
#  File has been updated.
#  Successfully updated.
# variable set hash-table stats:
# Load=0/32=0%, Rehash=0, Collisions=0/0=0%

# Not a target:
utils/gnl/get_next_line.o:
#  Implicit rule search has not been done.
#  Modification time never checked.
#  File has not been updated.

# Not a target:
utils/initializer.o:
#  Implicit rule search has not been done.
#  Modification time never checked.
#  File has not been updated.

# Not a target:
utils/utils2.o:
#  Implicit rule search has not been done.
#  Modification time never checked.
#  File has not been updated.

# Not a target:
parsing/getMap_utils.o:
#  Implicit rule search has not been done.
#  Modification time never checked.
#  File has not been updated.

# Not a target:
movement/keymovement.o:
#  Implicit rule search has not been done.
#  Modification time never checked.
#  File has not been updated.

# Not a target:
parsing/checkPathsRgbs.o:
#  Implicit rule search has not been done.
#  Modification time never checked.
#  File has not been updated.

# Not a target:
main.c:
 
#  Implicit rule search has been done.
#  Last modified 2022-10-08 05:56:24
#  File has been updated.
#  Successfully updated.
# variable set hash-table stats:
# Load=0/32=0%, Rehash=0, Collisions=0/0=0%

fclean: clean
#  Phony target (prerequisite of .PHONY).
#  Implicit rule search has not been done.
#  File does not exist.
#  File has not been updated.
#  commands to execute (from `Makefile', line 60):
	rm -f $(NAME)
	

# Not a target:
parsing/checkMapMap.o:
#  Implicit rule search has not been done.
#  Modification time never checked.
#  File has not been updated.

# Not a target:
minimap/design_map.o:
#  Implicit rule search has not been done.
#  Modification time never checked.
#  File has not been updated.

# Not a target:
creation/put_elements.o:
#  Implicit rule search has not been done.
#  Modification time never checked.
#  File has not been updated.

# Not a target:
utils/split_utils.o:
#  Implicit rule search has not been done.
#  Modification time never checked.
#  File has not been updated.

# Not a target:
.DEFAULT:
#  Implicit rule search has not been done.
#  Modification time never checked.
#  File has not been updated.

# Not a target:
creation/rgb.o:
#  Implicit rule search has not been done.
#  Modification time never checked.
#  File has not been updated.

# Not a target:
raycasting/raycasting_helper.o:
#  Implicit rule search has not been done.
#  Modification time never checked.
#  File has not been updated.

re: fclean all
#  Phony target (prerequisite of .PHONY).
#  Implicit rule search has not been done.
#  File does not exist.
#  File has not been updated.

clean:
#  Phony target (prerequisite of .PHONY).
#  Implicit rule search has not been done.
#  File does not exist.
#  File has not been updated.
#  commands to execute (from `Makefile', line 57):
	rm -f $(OBJ)
	

# Not a target:
utils/utils4.o:
#  Implicit rule search has not been done.
#  Modification time never checked.
#  File has not been updated.

# Not a target:
minimap/minimap_helper.o:
#  Implicit rule search has not been done.
#  Modification time never checked.
#  File has not been updated.

# Not a target:
movement/movement_fun.o:
#  Implicit rule search has not been done.
#  Modification time never checked.
#  File has not been updated.

# Not a target:
parsing/getMap.o:
#  Implicit rule search has not been done.
#  Modification time never checked.
#  File has not been updated.

# Not a target:
window/starter.o:
#  Implicit rule search has not been done.
#  Modification time never checked.
#  File has not been updated.

# Not a target:
utils/ft_split.o:
#  Implicit rule search has not been done.
#  Modification time never checked.
#  File has not been updated.

# Not a target:
utils/utils3.o:
#  Implicit rule search has not been done.
#  Modification time never checked.
#  File has not been updated.

main.o: main.c
#  Implicit rule search has been done.
#  Implicit/static pattern stem: `main'
#  File does not exist.
#  File has been updated.
#  Needs to be updated (-q is set).
# automatic
# @ := main.o
# automatic
# % := 
# automatic
# * := main
# automatic
# + := main.c
# automatic
# | := 
# automatic
# < := main.c
# automatic
# ^ := main.c
# automatic
# ? := main.c
# variable set hash-table stats:
# Load=8/32=25%, Rehash=0, Collisions=1/13=8%
#  commands to execute (from `Makefile', line 54):
	cc $(FLAGS) -c $< -o $@
	

# Not a target:
window/create_window.o:
#  Implicit rule search has not been done.
#  Modification time never checked.
#  File has not been updated.

# Not a target:
utils/utils.o:
#  Implicit rule search has not been done.
#  Modification time never checked.
#  File has not been updated.

# Not a target:
utils/gnl/get_next_line_utils.o:
#  Implicit rule search has not been done.
#  Modification time never checked.
#  File has not been updated.

# files hash-table stats:
# Load=38/1024=4%, Rehash=0, Collisions=5/90=6%
# VPATH Search Paths

# No `vpath' search paths.

# No general (`VPATH' variable) search path.

# # of strings in strcache: 1
# # of strcache buffers: 1
# strcache size: total = 4096 / max = 4096 / min = 4096 / avg = 4096
# strcache free: total = 4087 / max = 4087 / min = 4087 / avg = 4087

# Finished Make data base on Sat Oct  8 06:49:10 2022

 
